{"company_name":"ADRIATIC SLOVENICA ZAVAROVALNA DRUŽBA D.D.","company_jurisdiction":"Slovenia","source_url":"http://www.a-zn.si/Eng/Default.aspx?id=44","sample_date":"2015-01-06 14:02:18 -0800","category":"Financial","jurisdiction_classification":"Insurance","confidence":"HIGH"}
{"company_name":"ERGO ŽIVLJENJSKA ZAVAROVALNICA D.D.","company_jurisdiction":"Slovenia","source_url":"http://www.a-zn.si/Eng/Default.aspx?id=44","sample_date":"2015-01-06 14:02:18 -0800","category":"Financial","jurisdiction_classification":"Insurance","confidence":"HIGH"}
{"company_name":"GENERALI ZAVAROVALNICA D.D.","company_jurisdiction":"Slovenia","source_url":"http://www.a-zn.si/Eng/Default.aspx?id=44","sample_date":"2015-01-06 14:02:18 -0800","category":"Financial","jurisdiction_classification":"Insurance","confidence":"HIGH"}
{"company_name":"GRAWE ZAVAROVALNICA D.D.","company_jurisdiction":"Slovenia","source_url":"http://www.a-zn.si/Eng/Default.aspx?id=44","sample_date":"2015-01-06 14:02:18 -0800","category":"Financial","jurisdiction_classification":"Insurance","confidence":"HIGH"}
{"company_name":"MERKUR ZAVAROVALNICA D.D.","company_jurisdiction":"Slovenia","source_url":"http://www.a-zn.si/Eng/Default.aspx?id=44","sample_date":"2015-01-06 14:02:18 -0800","category":"Financial","jurisdiction_classification":"Insurance","confidence":"HIGH"}
{"company_name":"MODRA ZAVAROVALNICA D.D.","company_jurisdiction":"Slovenia","source_url":"http://www.a-zn.si/Eng/Default.aspx?id=44","sample_date":"2015-01-06 14:02:18 -0800","category":"Financial","jurisdiction_classification":"Insurance","confidence":"HIGH"}
{"company_name":"NLB VITA D.D.","company_jurisdiction":"Slovenia","source_url":"http://www.a-zn.si/Eng/Default.aspx?id=44","sample_date":"2015-01-06 14:02:18 -0800","category":"Financial","jurisdiction_classification":"Insurance","confidence":"HIGH"}
{"company_name":"PRVA OSEBNA ZAVAROVALNICA D.D.","company_jurisdiction":"Slovenia","source_url":"http://www.a-zn.si/Eng/Default.aspx?id=44","sample_date":"2015-01-06 14:02:18 -0800","category":"Financial","jurisdiction_classification":"Insurance","confidence":"HIGH"}
{"company_name":"SID - PRVA KREDITNA ZAVAROVALNICA D.D.","company_jurisdiction":"Slovenia","source_url":"http://www.a-zn.si/Eng/Default.aspx?id=44","sample_date":"2015-01-06 14:02:18 -0800","category":"Financial","jurisdiction_classification":"Insurance","confidence":"HIGH"}
{"company_name":"TRIGLAV ZDRAVSTVENA ZAVAROVALNICA D.D.","company_jurisdiction":"Slovenia","source_url":"http://www.a-zn.si/Eng/Default.aspx?id=44","sample_date":"2015-01-06 14:02:18 -0800","category":"Financial","jurisdiction_classification":"Insurance","confidence":"HIGH"}
{"company_name":"VZAJEMNA ZDRAVSTVENA ZAVAROVALNICA D.V.Z.","company_jurisdiction":"Slovenia","source_url":"http://www.a-zn.si/Eng/Default.aspx?id=44","sample_date":"2015-01-06 14:02:18 -0800","category":"Financial","jurisdiction_classification":"Insurance","confidence":"HIGH"}
{"company_name":"ZAVAROVALNICA MARIBOR D.D.","company_jurisdiction":"Slovenia","source_url":"http://www.a-zn.si/Eng/Default.aspx?id=44","sample_date":"2015-01-06 14:02:18 -0800","category":"Financial","jurisdiction_classification":"Insurance","confidence":"HIGH"}
{"company_name":"ZAVAROVALNICA TILIA D.D.","company_jurisdiction":"Slovenia","source_url":"http://www.a-zn.si/Eng/Default.aspx?id=44","sample_date":"2015-01-06 14:02:18 -0800","category":"Financial","jurisdiction_classification":"Insurance","confidence":"HIGH"}
{"company_name":"ZAVAROVALNICA TRIGLAV D.D.","company_jurisdiction":"Slovenia","source_url":"http://www.a-zn.si/Eng/Default.aspx?id=44","sample_date":"2015-01-06 14:02:18 -0800","category":"Financial","jurisdiction_classification":"Insurance","confidence":"HIGH"}
{"company_name":"POZAVAROVALNICA SAVA D.D.","company_jurisdiction":"Slovenia","source_url":"http://www.a-zn.si/Eng/Default.aspx?id=45","sample_date":"2015-01-06 14:02:19 -0800","category":"Financial","jurisdiction_classification":"Reinsurance","confidence":"HIGH"}
{"company_name":"POZAVAROVALNICA TRIGLAV RE D.D.","company_jurisdiction":"Slovenia","source_url":"http://www.a-zn.si/Eng/Default.aspx?id=45","sample_date":"2015-01-06 14:02:19 -0800","category":"Financial","jurisdiction_classification":"Reinsurance","confidence":"HIGH"}
{"company_name":"MOJA NALOŽBA D.D.","company_jurisdiction":"Slovenia","source_url":"http://www.a-zn.si/Eng/Default.aspx?id=46","sample_date":"2015-01-06 14:02:19 -0800","category":"Financial","jurisdiction_classification":"Pension","confidence":"HIGH"}
{"company_name":"POKOJNINSKA DRUŽBA A D.D.","company_jurisdiction":"Slovenia","source_url":"http://www.a-zn.si/Eng/Default.aspx?id=46","sample_date":"2015-01-06 14:02:19 -0800","category":"Financial","jurisdiction_classification":"Pension","confidence":"HIGH"}
{"company_name":"SKUPNA POKOJNINSKA DRUŽBA D.D.","company_jurisdiction":"Slovenia","source_url":"http://www.a-zn.si/Eng/Default.aspx?id=46","sample_date":"2015-01-06 14:02:19 -0800","category":"Financial","jurisdiction_classification":"Pension","confidence":"HIGH"}
{"company_name":"KAPITALSKA DRUŽBA POKOJNINSKEGA IN INVALIDSKEGA ZAVAROVANJA D.D.","company_jurisdiction":"Slovenia","source_url":"http://www.a-zn.si/Eng/Default.aspx?id=47","sample_date":"2015-01-06 14:02:19 -0800","category":"Financial","jurisdiction_classification":"Other","confidence":"HIGH"}
{"company_name":"POOL ZA ZAVAROVANJE IN POZAVAROVANJE JEDRSKIH NEVARNOSTI GIZ","company_jurisdiction":"Slovenia","source_url":"http://www.a-zn.si/Eng/Default.aspx?id=47","sample_date":"2015-01-06 14:02:19 -0800","category":"Financial","jurisdiction_classification":"Other","confidence":"HIGH"}
{"company_name":"SLOVENSKO ZAVAROVALNO ZDRUŽENJE","company_jurisdiction":"Slovenia","source_url":"http://www.a-zn.si/Eng/Default.aspx?id=47","sample_date":"2015-01-06 14:02:19 -0800","category":"Financial","jurisdiction_classification":"Other","confidence":"HIGH"}
