{"company_name":"ADRIATIC SLOVENICA ZAVAROVALNA DRUŽBA D.D.","address":"Ljubljanska cesta 3a, 6503 Koper","url":"http://www.adriatic-slovenica.si","category":"Insurance","source_url":"http://www.a-zn.si/Eng/Default.aspx?id=44","sample_date":"2015-01-06 14:02:18 -0800"}
{"company_name":"ERGO ŽIVLJENJSKA ZAVAROVALNICA D.D.","address":"Šlandrova ul. 4, 1231 Ljubljana Črnuče","url":"http://www.ergo.si","category":"Insurance","source_url":"http://www.a-zn.si/Eng/Default.aspx?id=44","sample_date":"2015-01-06 14:02:18 -0800"}
{"company_name":"GENERALI ZAVAROVALNICA D.D.","address":"Kržičeva 3, 1000 Ljubljana","url":"http://www.generali.si","category":"Insurance","source_url":"http://www.a-zn.si/Eng/Default.aspx?id=44","sample_date":"2015-01-06 14:02:18 -0800"}
{"company_name":"GRAWE ZAVAROVALNICA D.D.","address":"Gregorčičeva 39, 2000 Maribor","url":"http://www.grawe.si","category":"Insurance","source_url":"http://www.a-zn.si/Eng/Default.aspx?id=44","sample_date":"2015-01-06 14:02:18 -0800"}
{"company_name":"MERKUR ZAVAROVALNICA D.D.","address":"Dunajska cesta 58, 1000 Ljubljana","url":"http://www.merkur-zav.si","category":"Insurance","source_url":"http://www.a-zn.si/Eng/Default.aspx?id=44","sample_date":"2015-01-06 14:02:18 -0800"}
{"company_name":"MODRA ZAVAROVALNICA D.D.","address":"Dunajska cesta 119, 1000 Ljubljana","url":"http://www.modra-zavarovalnica.si/","category":"Insurance","source_url":"http://www.a-zn.si/Eng/Default.aspx?id=44","sample_date":"2015-01-06 14:02:18 -0800"}
{"company_name":"NLB VITA D.D.","address":"Trg republike 3, 1000 Ljubljana","url":"http://www.nlbvita.si","category":"Insurance","source_url":"http://www.a-zn.si/Eng/Default.aspx?id=44","sample_date":"2015-01-06 14:02:18 -0800"}
{"company_name":"PRVA OSEBNA ZAVAROVALNICA D.D.","address":"Ameriška ulica 8, 1000 Ljubljana","url":"http://www.prva.net","category":"Insurance","source_url":"http://www.a-zn.si/Eng/Default.aspx?id=44","sample_date":"2015-01-06 14:02:18 -0800"}
{"company_name":"SID - PRVA KREDITNA ZAVAROVALNICA D.D.","address":"Davčna ulica 1, 1000 Ljubljana","url":"http://www.sid-pkz.si","category":"Insurance","source_url":"http://www.a-zn.si/Eng/Default.aspx?id=44","sample_date":"2015-01-06 14:02:18 -0800"}
{"company_name":"TRIGLAV ZDRAVSTVENA ZAVAROVALNICA D.D.","address":"Pristaniška ulica 10, 6000 Koper","url":"http://www.zdravstvena.net","category":"Insurance","source_url":"http://www.a-zn.si/Eng/Default.aspx?id=44","sample_date":"2015-01-06 14:02:18 -0800"}
{"company_name":"VZAJEMNA ZDRAVSTVENA ZAVAROVALNICA D.V.Z.","address":"Vošnjakova ulica 2, 1000 Ljubljana","url":"http://www.vzajemna.si","category":"Insurance","source_url":"http://www.a-zn.si/Eng/Default.aspx?id=44","sample_date":"2015-01-06 14:02:18 -0800"}
{"company_name":"ZAVAROVALNICA MARIBOR D.D.","address":"Cankarjeva 3, 2000 Maribor","url":"http://www.zav-mb.si","category":"Insurance","source_url":"http://www.a-zn.si/Eng/Default.aspx?id=44","sample_date":"2015-01-06 14:02:18 -0800"}
{"company_name":"ZAVAROVALNICA TILIA D.D.","address":"Seidlova 5, 8000 Novo Mesto","url":"http://www.zav-tilia.si","category":"Insurance","source_url":"http://www.a-zn.si/Eng/Default.aspx?id=44","sample_date":"2015-01-06 14:02:18 -0800"}
{"company_name":"ZAVAROVALNICA TRIGLAV D.D.","address":"Miklošičeva 19, 1000 Ljubljana","url":"http://www.triglav.si","category":"Insurance","source_url":"http://www.a-zn.si/Eng/Default.aspx?id=44","sample_date":"2015-01-06 14:02:18 -0800"}
{"company_name":"POZAVAROVALNICA SAVA D.D.","address":"Dunajska 56, 1000 Ljubljana","url":"http://www.sava-re.si","category":"Reinsurance","source_url":"http://www.a-zn.si/Eng/Default.aspx?id=45","sample_date":"2015-01-06 14:02:19 -0800"}
{"company_name":"POZAVAROVALNICA TRIGLAV RE D.D.","address":"Mikošičeva 19, 1000 Ljubljana","url":"http://www.triglavre.si","category":"Reinsurance","source_url":"http://www.a-zn.si/Eng/Default.aspx?id=45","sample_date":"2015-01-06 14:02:19 -0800"}
{"company_name":"MOJA NALOŽBA D.D.","address":"Ul Vita Kraigherja 5, 2000 Maribor","url":"http://www.moja-nalozba.si","category":"Pension","source_url":"http://www.a-zn.si/Eng/Default.aspx?id=46","sample_date":"2015-01-06 14:02:19 -0800"}
{"company_name":"POKOJNINSKA DRUŽBA A D.D.","address":"Tivolska cesta 48, 1000 Ljubljana","url":"http://www.pokojninskad-a.si","category":"Pension","source_url":"http://www.a-zn.si/Eng/Default.aspx?id=46","sample_date":"2015-01-06 14:02:19 -0800"}
{"company_name":"SKUPNA POKOJNINSKA DRUŽBA D.D.","address":"Trg republike 3, 1000 Ljubljana","url":"http://www.skupna.si","category":"Pension","source_url":"http://www.a-zn.si/Eng/Default.aspx?id=46","sample_date":"2015-01-06 14:02:19 -0800"}
{"company_name":"KAPITALSKA DRUŽBA POKOJNINSKEGA IN INVALIDSKEGA ZAVAROVANJA D.D.","address":"Dunajska 119, 1000 Ljubljana","url":"http://www.kapitalska-druzba.si","category":"Other","source_url":"http://www.a-zn.si/Eng/Default.aspx?id=47","sample_date":"2015-01-06 14:02:19 -0800"}
{"company_name":"POOL ZA ZAVAROVANJE IN POZAVAROVANJE JEDRSKIH NEVARNOSTI GIZ","address":"Miklošičeva 19, 1000 Ljubljana","url":"","category":"Other","source_url":"http://www.a-zn.si/Eng/Default.aspx?id=47","sample_date":"2015-01-06 14:02:19 -0800"}
{"company_name":"SLOVENSKO ZAVAROVALNO ZDRUŽENJE","address":"Železna cesta 14, 1000 Ljubljana","url":"http://www.zav-zdruzenje.si","category":"Other","source_url":"http://www.a-zn.si/Eng/Default.aspx?id=47","sample_date":"2015-01-06 14:02:19 -0800"}
